Collecting fastapi
  Using cached fastapi-0.135.1-py3-none-any.whl.metadata (30 kB)
Collecting uvicorn
  Using cached uvicorn-0.42.0-py3-none-any.whl.metadata (6.7 kB)
Collecting python-multipart
  Using cached python_multipart-0.0.22-py3-none-any.whl.metadata (1.8 kB)
Collecting geopandas
  Using cached geopandas-1.1.3-py3-none-any.whl.metadata (2.3 kB)
Collecting fiona
  Using cached fiona-1.10.1.tar.gz (444 kB)
  Installing build dependencies: started
  Installing build dependencies: finished with status 'done'
  Getting requirements to build wheel: started
  Getting requirements to build wheel: finished with status 'error'
pip :   error: subprocess-e
xited-with-error
En línea: 1 Carácter: 1
+ pip install fastapi 
uvicorn python-multipart 
geopandas fiona pyproj > 
...
+ ~~~~~~~~~~~~~~~~~~~~~~~~~
~~~~~~~~~~~~~~~~~~~~~~~~~~~
~~~~~~~~~~~~~~~~~
    + CategoryInfo         
     : NotSpecified: (  e  
  rror: subprocess-exite   
 d-with-error:String) [    
], RemoteException
    + FullyQualifiedErrorI 
   d : NativeCommandError
 
  
  Getting requirements to 
build wheel did not run 
successfully.
  exit code: 1
  
  [1 lines of output]
  CRITICAL:root:A GDAL API 
version must be specified. 
Provide a path to 
gdal-config using a 
GDAL_CONFIG environment 
variable or use a 
GDAL_VERSION environment 
variable.
  [end of output]
  
  note: This error 
originates from a 
subprocess, and is likely 
not a problem with pip.

[notice] A new release of 
pip is available: 25.2 -> 
26.0.1
[notice] To update, run: 
python.exe -m pip install 
--upgrade pip
error: subprocess-exited-wi
th-error

Getting requirements to 
build wheel did not run 
successfully.
exit code: 1

See above for output.

note: This error 
originates from a 
subprocess, and is likely 
not a problem with pip.
